Electric Version 9.07
--------------- 0 --------------
  Sun Sep 03 15:49:50 EDT 2017
Menu Activated: File | Open Library...
--------------- 1 --------------
  Sun Sep 03 15:50:17 EDT 2017
ProcessKeyBinding 401 when=1504468217303 modifiers=80 code=11 char=ffff false false
--------------- 2 --------------
  Sun Sep 03 15:50:17 EDT 2017
ProcessKeyBinding 401 when=1504468217791 modifiers=80 code=11 char=ffff false false
--------------- 3 --------------
  Sun Sep 03 15:50:17 EDT 2017
ProcessKeyBinding 401 when=1504468217832 modifiers=80 code=11 char=ffff false false
--------------- 4 --------------
  Sun Sep 03 15:50:17 EDT 2017
ProcessKeyBinding 401 when=1504468217858 modifiers=80 code=11 char=ffff false false
--------------- 5 --------------
  Sun Sep 03 15:50:17 EDT 2017
ProcessKeyBinding 401 when=1504468217899 modifiers=80 code=11 char=ffff false false
--------------- 6 --------------
  Sun Sep 03 15:50:17 EDT 2017
ProcessKeyBinding 401 when=1504468217929 modifiers=80 code=11 char=ffff false false
--------------- 7 --------------
  Sun Sep 03 15:50:17 EDT 2017
ProcessKeyBinding 401 when=1504468217969 modifiers=80 code=11 char=ffff false false
--------------- 8 --------------
  Sun Sep 03 15:50:18 EDT 2017
Menu Activated: Window | Zoom In
--------------- 9 --------------
  Sun Sep 03 15:50:22 EDT 2017
ProcessKeyBinding 402 when=1504468222603 modifiers=0 code=11 char=ffff false false
